Added Pin To Net: NetName=GND Pin=C1-1
Added Pin To Net: NetName=NetC1_2 Pin=C1-2
Added Pin To Net: NetName=NetC2_1 Pin=C2-1
Added Pin To Net: NetName=NetC2_2 Pin=C2-2
Added Pin To Net: NetName=NetC3_1 Pin=C3-1
Added Pin To Net: NetName=NetC3_2 Pin=C3-2
Added Pin To Net: NetName=GND Pin=C4-1
Added Pin To Net: NetName=NetC4_2 Pin=C4-2
Added Pin To Net: NetName=GND Pin=C5-1
Added Pin To Net: NetName=VCC Pin=C5-2
Added Pin To Net: NetName=NetC6_1 Pin=C6-1
Added Pin To Net: NetName=NetC6_2 Pin=C6-2
Added Pin To Net: NetName=VEE Pin=C7-1
Added Pin To Net: NetName=GND Pin=C7-2
Added Pin To Net: NetName=NetC6_1 Pin=P1-1
Added Pin To Net: NetName=NetC6_2 Pin=P1-2
Added Pin To Net: NetName=NetR1_1 Pin=R1-1
Added Pin To Net: NetName=NetR1_2 Pin=R1-2
Added Pin To Net: NetName=NetC1_2 Pin=R2-1
Added Pin To Net: NetName=NetR2_2 Pin=R2-2
Added Pin To Net: NetName=NetC4_2 Pin=R3-1
Added Pin To Net: NetName=NetR3_2 Pin=R3-2
Added Pin To Net: NetName=NetR4_1 Pin=R4-1
Added Pin To Net: NetName=NetC2_1 Pin=R4-2
Added Pin To Net: NetName=NetR5_1 Pin=R5-1
Added Pin To Net: NetName=NetC3_1 Pin=R5-2
Added Pin To Net: NetName=NetC2_2 Pin=R6-1
Added Pin To Net: NetName=NetR6_2 Pin=R6-2
Added Pin To Net: NetName=NetC3_2 Pin=R7-1
Added Pin To Net: NetName=NetR7_2 Pin=R7-2
Added Pin To Net: NetName=GND Pin=R11-1
Added Pin To Net: NetName=NetR7_2 Pin=R11-2
Added Pin To Net: NetName=NetR5_1 Pin=R-1
Added Pin To Net: NetName=NetR4_1 Pin=R-2
Added Pin To Net: NetName=NetR1_2 Pin=Rf1-1
Added Pin To Net: NetName=NetC4_2 Pin=Rf1-2
Added Pin To Net: NetName=NetRf2_1 Pin=Rf2-1
Added Pin To Net: NetName=NetR6_2 Pin=Rf2-2
Added Pin To Net: NetName=NetC4_2 Pin=U1-1
Added Pin To Net: NetName=NetR1_2 Pin=U1-2
Added Pin To Net: NetName=GND Pin=U1-3
Added Pin To Net: NetName=VCC Pin=U1-4
Added Pin To Net: NetName=NetR3_2 Pin=U1-5
Added Pin To Net: NetName=NetR5_1 Pin=U1-6
Added Pin To Net: NetName=NetC3_1 Pin=U1-7
Added Pin To Net: NetName=NetC2_1 Pin=U1-8
Added Pin To Net: NetName=NetR4_1 Pin=U1-9
Added Pin To Net: NetName=NetR2_2 Pin=U1-10
Added Pin To Net: NetName=VEE Pin=U1-11
Added Pin To Net: NetName=NetR1_1 Pin=U1-12
Added Pin To Net: NetName=NetC1_2 Pin=U1-13
Added Pin To Net: NetName=NetC1_2 Pin=U1-14
Added Pin To Net: NetName=NetR6_2 Pin=U2-2
Added Pin To Net: NetName=NetR7_2 Pin=U2-3
Added Pin To Net: NetName=VEE Pin=U2-4
Added Pin To Net: NetName=NetRf2_1 Pin=U2-6
Added Pin To Net: NetName=VCC Pin=U2-7
Added Pin To Net: NetName=NetC6_1 Pin=U3-1
Added Pin To Net: NetName=NetC6_2 Pin=U3-2
Added Pin To Net: NetName=GND Pin=U3-4
Added Pin To Net: NetName=VEE Pin=U3-5
Added Pin To Net: NetName=VCC Pin=U3-7
Added Pin To Net: NetName=NetRf2_1 Pin=Vo-1
Added Pin To Net: NetName=GND Pin=Vo-2
Added Pin To Net: NetName=NetR1_1 Pin=Vs-1
Added Pin To Net: NetName=GND Pin=Vs-2
Added Member To Class: ClassName=Sheet1 Member=Component C1 Cap
Added Member To Class: ClassName=Sheet1 Member=Component C2 Cap
Added Member To Class: ClassName=Sheet1 Member=Component C3 Cap
Added Member To Class: ClassName=Sheet1 Member=Component C4 Cap
Added Member To Class: ClassName=Sheet1 Member=Component C5 Cap
Added Member To Class: ClassName=Sheet1 Member=Component C6 Cap
Added Member To Class: ClassName=Sheet1 Member=Component C7 Cap
Added Member To Class: ClassName=Sheet1 Member=Component P1 Header 2
Added Member To Class: ClassName=Sheet1 Member=Component R1 Res2
Added Member To Class: ClassName=Sheet1 Member=Component R2 Res2
Added Member To Class: ClassName=Sheet1 Member=Component R3 Res2
Added Member To Class: ClassName=Sheet1 Member=Component R4 Res2
Added Member To Class: ClassName=Sheet1 Member=Component R5 Res2
Added Member To Class: ClassName=Sheet1 Member=Component R6 Res2
Added Member To Class: ClassName=Sheet1 Member=Component R7 Res2
Added Member To Class: ClassName=Sheet1 Member=Component R11 Res2
Added Member To Class: ClassName=Sheet1 Member=Component Rf1 Res2
Added Member To Class: ClassName=Sheet1 Member=Component Rf2 Res2
Added Member To Class: ClassName=Sheet1 Member=Component R Res Adj2
Added Member To Class: ClassName=Sheet1 Member=Component U1 LM124J
Added Member To Class: ClassName=Sheet1 Member=Component U2 LM741H
Added Member To Class: ClassName=Sheet1 Member=Component U3 Component_1
Added Member To Class: ClassName=Sheet1 Member=Component Vo Header 2
Added Member To Class: ClassName=Sheet1 Member=Component Vs CON1
Added Room: Name=Sheet1
