Removed Pin From Net: NetName=GND Pin=C3-1
Removed Pin From Net: NetName=NetC2_1 Pin=R5-2
Removed Pin From Net: NetName=NetC1_2 Pin=R6-1
Removed Pin From Net: NetName=NetC2_2 Pin=R7-1
Removed Pin From Net: NetName=GND Pin=R8-1
Removed Pin From Net: NetName=NetR5_1 Pin=R-1
Removed Pin From Net: NetName=NetR1_2 Pin=Rf1-1
Removed Pin From Net: NetName=NetR1_2 Pin=U1-2
Removed Pin From Net: NetName=GND Pin=U1-3
Removed Pin From Net: NetName=NetR5_1 Pin=U1-6
Removed Member From Class: ClassName=sheet2 Member=C?
Removed Member From Class: ClassName=sheet2 Member=Rf1
Removed Member From Class: ClassName=sheet2 Member=Rf2
Removed Member From Class: ClassName=sheet2 Member=R
Change Component DesignItemId : Designator=U1 Old DesignItemId=LM124AJ New DesignItemId=LM124J
Change Component DesignItemId : Designator=U2 Old DesignItemId=LM741CN New DesignItemId=LM741J
Change Component DesignItemId : Designator=R5 Old DesignItemId=Res2 New DesignItemId=Res Adj2
Change Component Footprint: Designator=R5 Old Footprint=AXIAL-0.4 New Footprint=AXIAL-0.6
Change Component Footprint: Designator=U2 Old Footprint=N08E New Footprint=J08A
Change Component Comment : Designator=U1 Old Comment=LM124AJ New Comment=LM124J
Change Component Comment : Designator=U2 Old Comment=LM741CN New Comment=LM741J
Change Component Comment : Designator=R5 Old Comment=Res2 New Comment=Res Adj2
Added Component: Designator=P2(HDR1X2)
Added Component: Designator=P3(HDR1X2)
Added Component: Designator=R9(AXIAL-0.4)
Added Component: Designator=R10(AXIAL-0.4)
Added Component: Designator=R11(AXIAL-0.4)
Added Pin To Net: NetName=GND Pin=C1-1
Added Pin To Net: NetName=GND Pin=P2-2
Added Pin To Net: NetName=GND Pin=P3-2
Added Pin To Net: NetName=NetC1_2 Pin=R2-1
Added Pin To Net: NetName=NetC2_1 Pin=R3-2
Added Pin To Net: NetName=NetC2_2 Pin=R4-1
Added Pin To Net: NetName=NetR1_2 Pin=R4-2
Added Pin To Net: NetName=NetR5_1 Pin=R7-1
Added Pin To Net: NetName=GND Pin=R11-1
Added Pin To Net: NetName=NetC1_2 Pin=U1-1
Added Pin To Net: NetName=NetC1_2 Pin=U1-2
Added Pin To Net: NetName=NetR5_1 Pin=U1-9
Added Pin To Net: NetName=GND Pin=U1-12
Added Pin To Net: NetName=NetR1_2 Pin=U2-2
Added Pin To Net: NetName=NetC3_1 Pin=C3-1
Added Pin To Net: NetName=NetC3_1 Pin=R7-2
Added Pin To Net: NetName=NetC3_1 Pin=U1-8
Added Net: Name=NetC3_1
Added Pin To Net: NetName=NetC3_2 Pin=C3-2
Added Pin To Net: NetName=NetC3_2 Pin=R8-1
Added Net: Name=NetC3_2
Added Pin To Net: NetName=NetC4_2 Pin=C4-2
Added Pin To Net: NetName=NetC4_2 Pin=R6-2
Added Pin To Net: NetName=NetC4_2 Pin=R10-1
Added Pin To Net: NetName=NetC4_2 Pin=U1-14
Added Net: Name=NetC4_2
Added Pin To Net: NetName=NetP2_1 Pin=P2-1
Added Pin To Net: NetName=NetP2_1 Pin=R9-1
Added Pin To Net: NetName=NetP2_1 Pin=U1-3
Added Net: Name=NetP2_1
Added Pin To Net: NetName=NetP3_1 Pin=P3-1
Added Pin To Net: NetName=NetP3_1 Pin=R1-1
Added Pin To Net: NetName=NetP3_1 Pin=U2-6
Added Net: Name=NetP3_1
Added Pin To Net: NetName=NetR2_2 Pin=R2-2
Added Pin To Net: NetName=NetR2_2 Pin=U1-5
Added Net: Name=NetR2_2
Added Pin To Net: NetName=NetR3_1 Pin=R3-1
Added Pin To Net: NetName=NetR3_1 Pin=R5-2
Added Pin To Net: NetName=NetR3_1 Pin=U1-6
Added Net: Name=NetR3_1
Added Pin To Net: NetName=NetR6_1 Pin=R6-1
Added Pin To Net: NetName=NetR6_1 Pin=R9-2
Added Pin To Net: NetName=NetR6_1 Pin=U1-13
Added Net: Name=NetR6_1
Added Pin To Net: NetName=NetR8_2 Pin=R8-2
Added Pin To Net: NetName=NetR8_2 Pin=R11-2
Added Pin To Net: NetName=NetR8_2 Pin=U2-3
Added Net: Name=NetR8_2
Added Pin To Net: NetName=NetR10_2 Pin=R10-2
Added Pin To Net: NetName=NetR10_2 Pin=U1-10
Added Net: Name=NetR10_2
Change Class Name : Old Net Name=sheet2 New Net Name=Sheet1
Added Member To Class: ClassName=Sheet1 Member=Component P2 Header 2
Added Member To Class: ClassName=Sheet1 Member=Component P3 Header 2
Added Member To Class: ClassName=Sheet1 Member=Component R9 Res2
Added Member To Class: ClassName=Sheet1 Member=Component R10 Res2
Added Member To Class: ClassName=Sheet1 Member=Component R11 Res2
Added Room: Name=Sheet1
