Removed Pin From Net: NetName=GND Pin=C4-1
Removed Pin From Net: NetName=NetC6_2 Pin=P1-2
Removed Pin From Net: NetName=GND Pin=P2-2
Removed Pin From Net: NetName=GND Pin=P3-2
Removed Pin From Net: NetName=GND Pin=R11-1
Removed Pin From Net: NetName=VCC Pin=U1-4
Removed Pin From Net: NetName=VEE Pin=U1-11
Removed Pin From Net: NetName=VEE Pin=U2-4
Removed Pin From Net: NetName=VCC Pin=U2-7
Removed Pin From Net: NetName=NetC6_2 Pin=U3-2
Removed Pin From Net: NetName=NetC5_1 Pin=U3-4
Added Pin To Net: NetName=NetC1_2 Pin=C1-2
Added Pin To Net: NetName=NetC2_1 Pin=C2-1
Added Pin To Net: NetName=NetC2_2 Pin=C2-2
Added Pin To Net: NetName=NetC5_1 Pin=C5-1
Added Pin To Net: NetName=NetC6_2 Pin=C6-2
Added Pin To Net: NetName=NetC6_2 Pin=C7-1
Added Pin To Net: NetName=NetC5_1 Pin=Pi-2
Added Pin To Net: NetName=NetR1_2 Pin=R1-2
Added Pin To Net: NetName=NetR5_1 Pin=R5-1
Added Pin To Net: NetName=NetC2_1 Pin=R5-2
Added Pin To Net: NetName=NetC1_2 Pin=R6-1
Added Pin To Net: NetName=NetC2_2 Pin=R7-1
Added Pin To Net: NetName=NetR5_1 Pin=R-1
Added Pin To Net: NetName=NetR1_2 Pin=Rf1-1
Added Pin To Net: NetName=NetR1_2 Pin=U1-2
Added Pin To Net: NetName=NetR5_1 Pin=U1-6
Added Pin To Net: NetName=NetC2_1 Pin=U1-7
Added Pin To Net: NetName=NetC5_1 Pin=U3-2
Added Pin To Net: NetName=NetC6_2 Pin=U3-4
Added Member To Class: ClassName=sheet2 Member=Component U3 Component_1
