Removed Pin From Net: NetName=NetC5_1 Pin=C5-1
Removed Pin From Net: NetName=GND Pin=C6-1
Removed Pin From Net: NetName=GND Pin=C6-2
Removed Pin From Net: NetName=GND Pin=C7-1
Removed Pin From Net: NetName=GND Pin=C7-2
Removed Pin From Net: NetName=NetC5_1 Pin=Pi-2
Removed Pin From Net: NetName=GND Pin=U1-4
Removed Pin From Net: NetName=GND Pin=U1-11
Removed Pin From Net: NetName=GND Pin=U2-4
Removed Pin From Net: NetName=GND Pin=U2-7
Removed Pin From Net: NetName=NetC5_1 Pin=U3-2
Removed Pin From Net: NetName=GND Pin=U3-4
Removed Pin From Net: NetName=GND Pin=U3-5
Removed Pin From Net: NetName=GND Pin=U3-7
Removed Member From Class: ClassName=Sheet1 Member=Pi
Change Component Designator: OldDesignator=C6 NewDesignator=C5
Added Component: Designator=C6(RAD-0.3)
Added Component: Designator=P1(HDR1X2)
Added Pin To Net: NetName=NetC5_1 Pin=C5-1
Added Pin To Net: NetName=NetC5_1 Pin=C7-2
Added Pin To Net: NetName=NetC5_1 Pin=U3-4
Added Pin To Net: NetName=NetC6_1 Pin=C6-1
Added Pin To Net: NetName=NetC6_1 Pin=P1-1
Added Pin To Net: NetName=NetC6_1 Pin=U3-1
Added Net: Name=NetC6_1
Added Pin To Net: NetName=NetC6_2 Pin=C6-2
Added Pin To Net: NetName=NetC6_2 Pin=P1-2
Added Pin To Net: NetName=NetC6_2 Pin=U3-2
Added Net: Name=NetC6_2
Added Pin To Net: NetName=VCC Pin=C5-2
Added Pin To Net: NetName=VCC Pin=U1-4
Added Pin To Net: NetName=VCC Pin=U2-7
Added Pin To Net: NetName=VCC Pin=U3-7
Added Net: Name=VCC
Added Pin To Net: NetName=VEE Pin=C7-1
Added Pin To Net: NetName=VEE Pin=U1-11
Added Pin To Net: NetName=VEE Pin=U2-4
Added Pin To Net: NetName=VEE Pin=U3-5
Added Net: Name=VEE
Added Member To Class: ClassName=Sheet1 Member=Component P1 Header 2
